'01:33:54, 信息, org.jfree.chart.PieChartTest setUp, 79 
,''01:33:54, 信息, org.jfree.chart.PieChartTest createPieChart, 80 
,''01:33:54, 信息, org.jfree.data.general.DefaultPieDataset <init>, 81 
,''01:33:54, 信息, org.jfree.data.general.AbstractDataset <init>, 82 
,''01:33:54, 信息, org.jfree.data.DefaultKeyedValues <init>, 82 
,''01:33:54, 信息, org.jfree.data.general.DefaultPieDataset setValue, 81 
,''01:33:54, 信息, org.jfree.data.general.DefaultPieDataset setValue, 82 
,''01:33:54, 信息, org.jfree.data.DefaultKeyedValues setValue, 83 
,''01:33:54, 信息, org.jfree.chart.internal.Args nullNotPermitted, 84 
,''01:33:54, 信息, org.jfree.data.DefaultKeyedValues getIndex, 84 
,''01:33:54, 信息, org.jfree.chart.internal.Args nullNotPermitted, 85 
,''01:33:54, 信息, org.jfree.data.general.AbstractDataset fireDatasetChanged, 83 
,''01:33:54, 信息, org.jfree.data.general.DatasetChangeEvent <init>, 84 
,''01:33:54, 信息, org.jfree.data.general.AbstractDataset notifyListeners, 84 
,''01:33:54, 信息, org.jfree.data.general.DefaultPieDataset setValue, 81 
,''01:33:54, 信息, org.jfree.data.general.DefaultPieDataset setValue, 82 
,''01:33:54, 信息, org.jfree.data.DefaultKeyedValues setValue, 83 
,''01:33:54, 信息, org.jfree.chart.internal.Args nullNotPermitted, 84 
,''01:33:54, 信息, org.jfree.data.DefaultKeyedValues getIndex, 84 
,''01:33:54, 信息, org.jfree.chart.internal.Args nullNotPermitted, 85 
,''01:33:54, 信息, org.jfree.data.general.AbstractDataset fireDatasetChanged, 83 
,''01:33:54, 信息, org.jfree.data.general.DatasetChangeEvent <init>, 84 
,''01:33:54, 信息, org.jfree.data.general.AbstractDataset notifyListeners, 84 
,''01:33:54, 信息, org.jfree.data.general.DefaultPieDataset setValue, 81 
,''01:33:54, 信息, org.jfree.data.general.DefaultPieDataset setValue, 82 
,''01:33:54, 信息, org.jfree.data.DefaultKeyedValues setValue, 83 
,''01:33:54, 信息, org.jfree.chart.internal.Args nullNotPermitted, 84 
,''01:33:54, 信息, org.jfree.data.DefaultKeyedValues getIndex, 84 
,''01:33:54, 信息, org.jfree.chart.internal.Args nullNotPermitted, 85 
,''01:33:54, 信息, org.jfree.data.general.AbstractDataset fireDatasetChanged, 83 
,''01:33:54, 信息, org.jfree.data.general.DatasetChangeEvent <init>, 84 
,''01:33:54, 信息, org.jfree.data.general.AbstractDataset notifyListeners, 84 
,''01:33:55, 信息, org.jfree.chart.ChartFactory <clinit>, 81 
,''01:33:55, 信息, org.jfree.chart.StandardChartTheme <init>, 82 
,''01:33:55, 信息, org.jfree.chart.StandardChartTheme <init>, 83 
,''01:33:55, 信息, org.jfree.chart.axis.Axis <clinit>, 84 
,''01:33:55, 信息, org.jfree.chart.api.RectangleInsets <clinit>, 85 
,''01:33:55, 信息, org.jfree.chart.api.UnitType <clinit>, 86 
,''01:33:55, 信息, org.jfree.chart.api.UnitType <init>, 87 
,''01:33:55, 信息, org.jfree.chart.api.UnitType <init>, 87 
,''01:33:55, 信息, org.jfree.chart.api.UnitType $values, 87 
,''01:33:55, 信息, org.jfree.chart.api.RectangleInsets <init>, 86 
,''01:33:55, 信息, org.jfree.chart.internal.Args nullNotPermitted, 87 
,''01:33:55, 信息, org.jfree.chart.api.RectangleInsets <init>, 85 
,''01:33:55, 信息, org.jfree.chart.api.RectangleInsets <init>, 86 
,''01:33:55, 信息, org.jfree.chart.internal.Args nullNotPermitted, 87 
,''01:33:55, 信息, org.jfree.chart.api.RectangleInsets <init>, 85 
,''01:33:55, 信息, org.jfree.chart.api.RectangleInsets <init>, 86 
,''01:33:55, 信息, org.jfree.chart.internal.Args nullNotPermitted, 87 
,''01:33:55, 信息, org.jfree.chart.axis.ValueAxis <clinit>, 84 
,''01:33:55, 信息, org.jfree.data.Range <init>, 85 
,''01:33:55, 信息, org.jfree.chart.axis.NumberAxis <clinit>, 84 
,''01:33:55, 信息, org.jfree.chart.axis.NumberTickUnit <init>, 85 
,''01:33:55, 信息, org.jfree.chart.axis.TickUnit <init>, 86 
,''01:33:55, 信息, org.jfree.chart.internal.Args nullNotPermitted, 86 
,''01:33:55, 信息, org.jfree.chart.axis.SymbolAxis <clinit>, 84 
,''01:33:55, 信息, org.jfree.chart.internal.Args nullNotPermitted, 84 
,''01:33:55, 信息, org.jfree.chart.plot.DefaultDrawingSupplier <clinit>, 84 
,''01:33:55, 信息, org.jfree.chart.ChartColor <clinit>, 85 
,''01:33:55, 信息, org.jfree.chart.ChartColor createDefaultPaintArray, 85 
,''01:33:55, 信息, org.jfree.chart.plot.DefaultDrawingSupplier createStandardSeriesShapes, 85 
,''01:33:55, 信息, org.jfree.chart.plot.DefaultDrawingSupplier intArray, 86 
,''01:33:55, 信息, org.jfree.chart.plot.DefaultDrawingSupplier intArray, 86 
,''01:33:55, 信息, org.jfree.chart.plot.DefaultDrawingSupplier intArray, 86 
,''01:33:55, 信息, org.jfree.chart.plot.DefaultDrawingSupplier intArray, 86 
,''01:33:55, 信息, org.jfree.chart.plot.DefaultDrawingSupplier intArray, 86 
,''01:33:55, 信息, org.jfree.chart.plot.DefaultDrawingSupplier intArray, 86 
,''01:33:55, 信息, org.jfree.chart.plot.DefaultDrawingSupplier intArray, 86 
,''01:33:55, 信息, org.jfree.chart.plot.DefaultDrawingSupplier intArray, 86 
,''01:33:55, 信息, org.jfree.chart.plot.DefaultDrawingSupplier intArray, 86 
,''01:33:55, 信息, org.jfree.chart.plot.DefaultDrawingSupplier intArray, 86 
,''01:33:55, 信息, org.jfree.chart.plot.DefaultDrawingSupplier <init>, 84 
,''01:33:55, 信息, org.jfree.chart.plot.DefaultDrawingSupplier <init>, 85 
,''01:33:55, 信息, org.jfree.chart.plot.pie.PieLabelLinkStyle <clinit>, 84 
,''01:33:55, 信息, org.jfree.chart.plot.pie.PieLabelLinkStyle <init>, 85 
,''01:33:55, 信息, org.jfree.chart.plot.pie.PieLabelLinkStyle <init>, 85 
,''01:33:55, 信息, org.jfree.chart.plot.pie.PieLabelLinkStyle <init>, 85 
,''01:33:55, 信息, org.jfree.chart.plot.pie.PieLabelLinkStyle $values, 85 
,''01:33:55, 信息, org.jfree.chart.api.RectangleInsets <init>, 84 
,''01:33:55, 信息, org.jfree.chart.api.RectangleInsets <init>, 85 
,''01:33:55, 信息, org.jfree.chart.internal.Args nullNotPermitted, 86 
,''01:33:55, 信息, org.jfree.chart.renderer.category.GradientBarPainter <init>, 84 
,''01:33:55, 信息, org.jfree.chart.renderer.category.GradientBarPainter <init>, 85 
,''01:33:55, 信息, org.jfree.chart.renderer.xy.GradientXYBarPainter <init>, 84 
,''01:33:55, 信息, org.jfree.chart.renderer.xy.GradientXYBarPainter <init>, 85 
,''01:33:55, 信息, org.jfree.chart.ChartFactory createPieChart, 81 
,''01:33:55, 信息, org.jfree.chart.ChartFactory createPieChart, 82 
,''01:33:55, 信息, org.jfree.chart.plot.Plot <clinit>, 83 
,''01:33:55, 信息, org.jfree.chart.api.RectangleInsets <init>, 84 
,''01:33:55, 信息, org.jfree.chart.api.RectangleInsets <init>, 85 
,''01:33:55, 信息, org.jfree.chart.internal.Args nullNotPermitted, 86 
,''01:33:55, 信息, org.jfree.chart.plot.pie.PiePlot <clinit>, 83 
,''01:33:55, 信息, org.jfree.chart.plot.pie.PiePlot <init>, 83 
,''01:33:55, 信息, org.jfree.chart.plot.Plot <init>, 84 
,''01:33:55, 信息, org.jfree.chart.api.RectangleAlignment <clinit>, 85 
,''01:33:55, 信息, org.jfree.chart.api.RectangleAlignment <init>, 86 
,''01:33:55, 信息, org.jfree.chart.api.RectangleAlignment <init>, 86 
,''01:33:55, 信息, org.jfree.chart.api.RectangleAlignment <init>, 86 
,''01:33:55, 信息, org.jfree.chart.api.RectangleAlignment <init>, 86 
,''01:33:55, 信息, org.jfree.chart.api.RectangleAlignment <init>, 86 
,''01:33:55, 信息, org.jfree.chart.api.RectangleAlignment <init>, 86 
,''01:33:55, 信息, org.jfree.chart.api.RectangleAlignment <init>, 86 
,''01:33:55, 信息, org.jfree.chart.api.RectangleAlignment <init>, 86 
,''01:33:55, 信息, org.jfree.chart.api.RectangleAlignment <init>, 86 
,''01:33:55, 信息, org.jfree.chart.api.RectangleAlignment <init>, 86 
,''01:33:55, 信息, org.jfree.chart.api.RectangleAlignment <init>, 86 
,''01:33:55, 信息, org.jfree.chart.api.RectangleAlignment <init>, 86 
,''01:33:55, 信息, org.jfree.chart.api.RectangleAlignment $values, 86 
,''01:33:55, 信息, org.jfree.chart.plot.DefaultDrawingSupplier <init>, 85 
,''01:33:55, 信息, org.jfree.chart.plot.DefaultDrawingSupplier <init>, 86 
,''01:33:55, 信息, org.jfree.data.general.AbstractDataset addChangeListener, 84 
,''01:33:55, 信息, org.jfree.chart.api.Rotation <clinit>, 84 
,''01:33:55, 信息, org.jfree.chart.api.Rotation <init>, 85 
,''01:33:55, 信息, org.jfree.chart.api.Rotation <init>, 85 
,''01:33:55, 信息, org.jfree.chart.api.Rotation $values, 85 
,''01:33:55, 信息, org.jfree.chart.labels.StandardPieSectionLabelGenerator <init>, 84 
,''01:33:55, 信息, org.jfree.chart.labels.StandardPieSectionLabelGenerator <init>, 85 
,''01:33:55, 信息, org.jfree.chart.labels.AbstractPieItemLabelGenerator <init>, 86 
,''01:33:55, 信息, org.jfree.chart.internal.Args nullNotPermitted, 87 
,''01:33:55, 信息, org.jfree.chart.internal.Args nullNotPermitted, 87 
,''01:33:55, 信息, org.jfree.chart.internal.Args nullNotPermitted, 87 
,''01:33:55, 信息, org.jfree.chart.plot.pie.PieLabelDistributor <init>, 84 
,''01:33:55, 信息, org.jfree.chart.plot.pie.AbstractPieLabelDistributor <init>, 85 
,''01:33:55, 信息, org.jfree.chart.api.RectangleInsets <init>, 84 
,''01:33:55, 信息, org.jfree.chart.internal.Args nullNotPermitted, 85 
,''01:33:55, 信息, org.jfree.chart.api.RectangleInsets <init>, 84 
,''01:33:55, 信息, org.jfree.chart.api.RectangleInsets <init>, 85 
,''01:33:55, 信息, org.jfree.chart.internal.Args nullNotPermitted, 86 
,''01:33:55, 信息, org.jfree.chart.labels.StandardPieSectionLabelGenerator <init>, 84 
,''01:33:55, 信息, org.jfree.chart.labels.StandardPieSectionLabelGenerator <init>, 85 
,''01:33:55, 信息, org.jfree.chart.labels.AbstractPieItemLabelGenerator <init>, 86 
,''01:33:55, 信息, org.jfree.chart.internal.Args nullNotPermitted, 87 
,''01:33:55, 信息, org.jfree.chart.internal.Args nullNotPermitted, 87 
,''01:33:55, 信息, org.jfree.chart.internal.Args nullNotPermitted, 87 
,''01:33:55, 信息, org.jfree.chart.labels.StandardPieSectionLabelGenerator <init>, 83 
,''01:33:55, 信息, org.jfree.chart.labels.StandardPieSectionLabelGenerator <init>, 84 
,''01:33:55, 信息, org.jfree.chart.labels.AbstractPieItemLabelGenerator <init>, 85 
,''01:33:55, 信息, org.jfree.chart.internal.Args nullNotPermitted, 86 
,''01:33:55, 信息, org.jfree.chart.internal.Args nullNotPermitted, 86 
,''01:33:55, 信息, org.jfree.chart.internal.Args nullNotPermitted, 86 
,''01:33:55, 信息, org.jfree.chart.plot.pie.PiePlot setLabelGenerator, 83 
,''01:33:55, 信息, org.jfree.chart.plot.Plot fireChangeEvent, 84 
,''01:33:55, 信息, org.jfree.chart.event.PlotChangeEvent <init>, 85 
,''01:33:55, 信息, org.jfree.chart.event.ChartChangeEvent <init>, 86 
,''01:33:55, 信息, org.jfree.chart.event.ChartChangeEventType <clinit>, 87 
,''01:33:55, 信息, org.jfree.chart.event.ChartChangeEventType <init>, 88 
,''01:33:55, 信息, org.jfree.chart.event.ChartChangeEventType <init>, 88 
,''01:33:55, 信息, org.jfree.chart.event.ChartChangeEventType <init>, 88 
,''01:33:55, 信息, org.jfree.chart.event.ChartChangeEventType $values, 88 
,''01:33:55, 信息, org.jfree.chart.event.ChartChangeEvent <init>, 87 
,''01:33:55, 信息, org.jfree.chart.internal.Args nullNotPermitted, 88 
,''01:33:55, 信息, org.jfree.chart.plot.Plot notifyListeners, 85 
,''01:33:55, 信息, org.jfree.chart.api.RectangleInsets <init>, 83 
,''01:33:55, 信息, org.jfree.chart.api.RectangleInsets <init>, 84 
,''01:33:55, 信息, org.jfree.chart.internal.Args nullNotPermitted, 85 
,''01:33:55, 信息, org.jfree.chart.plot.Plot setInsets, 83 
,''01:33:55, 信息, org.jfree.chart.plot.Plot setInsets, 84 
,''01:33:55, 信息, org.jfree.chart.internal.Args nullNotPermitted, 85 
,''01:33:55, 信息, org.jfree.chart.api.RectangleInsets equals, 85 
,''01:33:55, 信息, org.jfree.chart.plot.Plot fireChangeEvent, 85 
,''01:33:55, 信息, org.jfree.chart.event.PlotChangeEvent <init>, 86 
,''01:33:55, 信息, org.jfree.chart.event.ChartChangeEvent <init>, 87 
,''01:33:55, 信息, org.jfree.chart.event.ChartChangeEvent <init>, 88 
,''01:33:55, 信息, org.jfree.chart.internal.Args nullNotPermitted, 89 
,''01:33:55, 信息, org.jfree.chart.plot.Plot notifyListeners, 86 
,''01:33:55, 信息, org.jfree.chart.labels.StandardPieToolTipGenerator <init>, 83 
,''01:33:55, 信息, org.jfree.chart.labels.StandardPieToolTipGenerator <init>, 84 
,''01:33:55, 信息, org.jfree.chart.labels.StandardPieToolTipGenerator <init>, 85 
,''01:33:55, 信息, org.jfree.chart.labels.StandardPieToolTipGenerator <init>, 86 
,''01:33:55, 信息, org.jfree.chart.labels.AbstractPieItemLabelGenerator <init>, 87 
,''01:33:55, 信息, org.jfree.chart.internal.Args nullNotPermitted, 88 
,''01:33:55, 信息, org.jfree.chart.internal.Args nullNotPermitted, 88 
,''01:33:55, 信息, org.jfree.chart.internal.Args nullNotPermitted, 88 
,''01:33:55, 信息, org.jfree.chart.plot.pie.PiePlot setToolTipGenerator, 83 
,''01:33:55, 信息, org.jfree.chart.plot.Plot fireChangeEvent, 84 
,''01:33:55, 信息, org.jfree.chart.event.PlotChangeEvent <init>, 85 
,''01:33:55, 信息, org.jfree.chart.event.ChartChangeEvent <init>, 86 
,''01:33:55, 信息, org.jfree.chart.event.ChartChangeEvent <init>, 87 
,''01:33:55, 信息, org.jfree.chart.internal.Args nullNotPermitted, 88 
,''01:33:55, 信息, org.jfree.chart.plot.Plot notifyListeners, 85 
,''01:33:55, 信息, org.jfree.chart.JFreeChart <clinit>, 83 
,''01:33:55, 信息, org.jfree.chart.JFreeChart <init>, 83 
,''01:33:55, 信息, org.jfree.chart.internal.Args nullNotPermitted, 84 
,''01:33:55, 信息, org.jfree.chart.plot.Plot setChart, 84 
,''01:33:55, 信息, org.jfree.chart.plot.Plot addChangeListener, 84 
,''01:33:55, 信息, org.jfree.chart.title.Title <clinit>, 84 
,''01:33:55, 信息, org.jfree.chart.api.RectangleEdge <clinit>, 85 
,''01:33:55, 信息, org.jfree.chart.api.RectangleEdge <init>, 86 
,''01:33:55, 信息, org.jfree.chart.api.RectangleEdge <init>, 86 
,''01:33:55, 信息, org.jfree.chart.api.RectangleEdge <init>, 86 
,''01:33:55, 信息, org.jfree.chart.api.RectangleEdge <init>, 86 
,''01:33:55, 信息, org.jfree.chart.api.RectangleEdge $values, 86 
,''01:33:55, 信息, org.jfree.chart.api.HorizontalAlignment <clinit>, 85 
,''01:33:55, 信息, org.jfree.chart.api.HorizontalAlignment <init>, 86 
,''01:33:55, 信息, org.jfree.chart.api.HorizontalAlignment <init>, 86 
,''01:33:55, 信息, org.jfree.chart.api.HorizontalAlignment <init>, 86 
,''01:33:55, 信息, org.jfree.chart.api.HorizontalAlignment $values, 86 
,''01:33:55, 信息, org.jfree.chart.api.VerticalAlignment <clinit>, 85 
,''01:33:55, 信息, org.jfree.chart.api.VerticalAlignment <init>, 86 
,''01:33:55, 信息, org.jfree.chart.api.VerticalAlignment <init>, 86 
,''01:33:55, 信息, org.jfree.chart.api.VerticalAlignment <init>, 86 
,''01:33:55, 信息, org.jfree.chart.api.VerticalAlignment $values, 86 
,''01:33:55, 信息, org.jfree.chart.api.RectangleInsets <init>, 85 
,''01:33:55, 信息, org.jfree.chart.api.RectangleInsets <init>, 86 
,''01:33:55, 信息, org.jfree.chart.internal.Args nullNotPermitted, 87 
,''01:33:55, 信息, org.jfree.chart.legend.LegendTitle <clinit>, 84 
,''01:33:55, 信息, org.jfree.chart.legend.LegendTitle <init>, 84 
,''01:33:55, 信息, org.jfree.chart.block.FlowArrangement <init>, 85 
,''01:33:55, 信息, org.jfree.chart.block.FlowArrangement <init>, 86 
,''01:33:55, 信息, org.jfree.chart.legend.LegendTitle <init>, 85 
,''01:33:55, 信息, org.jfree.chart.title.Title <init>, 86 
,''01:33:55, 信息, org.jfree.chart.title.Title <init>, 87 
,''01:33:55, 信息, org.jfree.chart.block.AbstractBlock <init>, 88 
,''01:33:55, 信息, org.jfree.chart.block.BlockBorder <clinit>, 89 
,''01:33:55, 信息, org.jfree.chart.block.BlockBorder <init>, 90 
,''01:33:55, 信息, org.jfree.chart.internal.Args nullNotPermitted, 91 
,''01:33:55, 信息, org.jfree.chart.internal.Args nullNotPermitted, 91 
,''01:33:55, 信息, org.jfree.chart.internal.Args nullNotPermitted, 88 
,''01:33:55, 信息, org.jfree.chart.internal.Args nullNotPermitted, 88 
,''01:33:55, 信息, org.jfree.chart.internal.Args nullNotPermitted, 88 
,''01:33:55, 信息, org.jfree.chart.internal.Args nullNotPermitted, 88 
,''01:33:55, 信息, org.jfree.chart.block.AbstractBlock setPadding, 88 
,''01:33:55, 信息, org.jfree.chart.internal.Args nullNotPermitted, 89 
,''01:33:55, 信息, org.jfree.chart.block.BlockContainer <init>, 86 
,''01:33:55, 信息, org.jfree.chart.block.AbstractBlock <init>, 87 
,''01:33:55, 信息, org.jfree.chart.internal.Args nullNotPermitted, 87 
,''01:33:55, 信息, org.jfree.chart.api.RectangleAnchor <clinit>, 86 
,''01:33:55, 信息, org.jfree.chart.api.RectangleAnchor <init>, 87 
,''01:33:55, 信息, org.jfree.chart.api.RectangleAnchor <init>, 87 
,''01:33:55, 信息, org.jfree.chart.api.RectangleAnchor <init>, 87 
,''01:33:55, 信息, org.jfree.chart.api.RectangleAnchor <init>, 87 
,''01:33:55, 信息, org.jfree.chart.api.RectangleAnchor <init>, 87 
,''01:33:55, 信息, org.jfree.chart.api.RectangleAnchor <init>, 87 
,''01:33:55, 信息, org.jfree.chart.api.RectangleAnchor <init>, 87 
,''01:33:55, 信息, org.jfree.chart.api.RectangleAnchor <init>, 87 
,''01:33:55, 信息, org.jfree.chart.api.RectangleAnchor <init>, 87 
,''01:33:55, 信息, org.jfree.chart.api.RectangleAnchor $values, 87 
,''01:33:55, 信息, org.jfree.chart.api.RectangleInsets <init>, 86 
,''01:33:55, 信息, org.jfree.chart.api.RectangleInsets <init>, 87 
,''01:33:55, 信息, org.jfree.chart.internal.Args nullNotPermitted, 88 
,''01:33:55, 信息, org.jfree.chart.api.RectangleInsets <init>, 86 
,''01:33:55, 信息, org.jfree.chart.api.RectangleInsets <init>, 87 
,''01:33:55, 信息, org.jfree.chart.internal.Args nullNotPermitted, 88 
,''01:33:55, 信息, org.jfree.chart.api.SortOrder <clinit>, 86 
,''01:33:55, 信息, org.jfree.chart.api.SortOrder <init>, 87 
,''01:33:55, 信息, org.jfree.chart.api.SortOrder <init>, 87 
,''01:33:55, 信息, org.jfree.chart.api.SortOrder $values, 87 
,''01:33:55, 信息, org.jfree.chart.api.RectangleInsets <init>, 84 
,''01:33:55, 信息, org.jfree.chart.api.RectangleInsets <init>, 85 
,''01:33:55, 信息, org.jfree.chart.internal.Args nullNotPermitted, 86 
,''01:33:55, 信息, org.jfree.chart.block.AbstractBlock setMargin, 84 
,''01:33:55, 信息, org.jfree.chart.internal.Args nullNotPermitted, 85 
,''01:33:55, 信息, org.jfree.chart.legend.LegendTitle setBackgroundPaint, 84 
,''01:33:55, 信息, org.jfree.chart.event.TitleChangeEvent <init>, 85 
,''01:33:55, 信息, org.jfree.chart.event.ChartChangeEvent <init>, 86 
,''01:33:55, 信息, org.jfree.chart.event.ChartChangeEvent <init>, 87 
,''01:33:55, 信息, org.jfree.chart.internal.Args nullNotPermitted, 88 
,''01:33:55, 信息, org.jfree.chart.title.Title notifyListeners, 85 
,''01:33:55, 信息, org.jfree.chart.title.Title setPosition, 84 
,''01:33:55, 信息, org.jfree.chart.internal.Args nullNotPermitted, 85 
,''01:33:55, 信息, org.jfree.chart.event.TitleChangeEvent <init>, 85 
,''01:33:55, 信息, org.jfree.chart.event.ChartChangeEvent <init>, 86 
,''01:33:55, 信息, org.jfree.chart.event.ChartChangeEvent <init>, 87 
,''01:33:55, 信息, org.jfree.chart.internal.Args nullNotPermitted, 88 
,''01:33:55, 信息, org.jfree.chart.title.Title notifyListeners, 85 
,''01:33:55, 信息, org.jfree.chart.title.Title addChangeListener, 84 
,''01:33:55, 信息, org.jfree.chart.title.TextTitle <clinit>, 84 
,''01:33:55, 信息, org.jfree.chart.title.TextTitle <init>, 84 
,''01:33:55, 信息, org.jfree.chart.title.TextTitle <init>, 85 
,''01:33:55, 信息, org.jfree.chart.title.Title <init>, 86 
,''01:33:55, 信息, org.jfree.chart.block.AbstractBlock <init>, 87 
,''01:33:55, 信息, org.jfree.chart.internal.Args nullNotPermitted, 87 
,''01:33:55, 信息, org.jfree.chart.internal.Args nullNotPermitted, 87 
,''01:33:55, 信息, org.jfree.chart.internal.Args nullNotPermitted, 87 
,''01:33:55, 信息, org.jfree.chart.internal.Args nullNotPermitted, 87 
,''01:33:55, 信息, org.jfree.chart.block.AbstractBlock setPadding, 87 
,''01:33:55, 信息, org.jfree.chart.internal.Args nullNotPermitted, 88 
,''01:33:55, 信息, org.jfree.chart.internal.Args nullNotPermitted, 86 
,''01:33:55, 信息, org.jfree.chart.internal.Args nullNotPermitted, 86 
,''01:33:55, 信息, org.jfree.chart.internal.Args nullNotPermitted, 86 
,''01:33:55, 信息, org.jfree.chart.title.Title addChangeListener, 84 
,''01:33:55, 信息, org.jfree.chart.StandardChartTheme apply, 83 
,''01:33:55, 信息, org.jfree.chart.internal.Args nullNotPermitted, 84 
,''01:33:55, 信息, org.jfree.chart.JFreeChart getTitle, 84 
,''01:33:55, 信息, org.jfree.chart.title.TextTitle setFont, 84 
,''01:33:55, 信息, org.jfree.chart.internal.Args nullNotPermitted, 85 
,''01:33:55, 信息, org.jfree.chart.event.TitleChangeEvent <init>, 85 
,''01:33:55, 信息, org.jfree.chart.event.ChartChangeEvent <init>, 86 
,''01:33:55, 信息, org.jfree.chart.event.ChartChangeEvent <init>, 87 
,''01:33:55, 信息, org.jfree.chart.internal.Args nullNotPermitted, 88 
,''01:33:55, 信息, org.jfree.chart.title.Title notifyListeners, 85 
,''01:33:55, 信息, org.jfree.chart.JFreeChart titleChanged, 86 
,''01:33:55, 信息, org.jfree.chart.event.ChartChangeEvent setChart, 87 
,''01:33:55, 信息, org.jfree.chart.JFreeChart notifyListeners, 87 
,''01:33:55, 信息, org.jfree.chart.title.TextTitle setPaint, 84 
,''01:33:55, 信息, org.jfree.chart.internal.Args nullNotPermitted, 85 
,''01:33:55, 信息, org.jfree.chart.JFreeChart getSubtitleCount, 84 
,''01:33:55, 信息, org.jfree.chart.JFreeChart getSubtitle, 84 
,''01:33:55, 信息, org.jfree.chart.JFreeChart getSubtitleCount, 85 
,''01:33:55, 信息, org.jfree.chart.StandardChartTheme applyToTitle, 84 
,''01:33:55, 信息, org.jfree.chart.legend.LegendTitle getBackgroundPaint, 85 
,''01:33:55, 信息, org.jfree.chart.legend.LegendTitle setBackgroundPaint, 85 
,''01:33:55, 信息, org.jfree.chart.event.TitleChangeEvent <init>, 86 
,''01:33:55, 信息, org.jfree.chart.event.ChartChangeEvent <init>, 87 
,''01:33:55, 信息, org.jfree.chart.event.ChartChangeEvent <init>, 88 
,''01:33:55, 信息, org.jfree.chart.internal.Args nullNotPermitted, 89 
,''01:33:55, 信息, org.jfree.chart.title.Title notifyListeners, 86 
,''01:33:55, 信息, org.jfree.chart.JFreeChart titleChanged, 87 
,''01:33:55, 信息, org.jfree.chart.event.ChartChangeEvent setChart, 88 
,''01:33:55, 信息, org.jfree.chart.JFreeChart notifyListeners, 88 
,''01:33:55, 信息, org.jfree.chart.legend.LegendTitle setItemFont, 85 
,''01:33:55, 信息, org.jfree.chart.internal.Args nullNotPermitted, 86 
,''01:33:55, 信息, org.jfree.chart.event.TitleChangeEvent <init>, 86 
,''01:33:55, 信息, org.jfree.chart.event.ChartChangeEvent <init>, 87 
,''01:33:55, 信息, org.jfree.chart.event.ChartChangeEvent <init>, 88 
,''01:33:55, 信息, org.jfree.chart.internal.Args nullNotPermitted, 89 
,''01:33:55, 信息, org.jfree.chart.title.Title notifyListeners, 86 
,''01:33:55, 信息, org.jfree.chart.JFreeChart titleChanged, 87 
,''01:33:55, 信息, org.jfree.chart.event.ChartChangeEvent setChart, 88 
,''01:33:55, 信息, org.jfree.chart.JFreeChart notifyListeners, 88 
,''01:33:55, 信息, org.jfree.chart.legend.LegendTitle setItemPaint, 85 
,''01:33:55, 信息, org.jfree.chart.internal.Args nullNotPermitted, 86 
,''01:33:55, 信息, org.jfree.chart.event.TitleChangeEvent <init>, 86 
,''01:33:55, 信息, org.jfree.chart.event.ChartChangeEvent <init>, 87 
,''01:33:55, 信息, org.jfree.chart.event.ChartChangeEvent <init>, 88 
,''01:33:55, 信息, org.jfree.chart.internal.Args nullNotPermitted, 89 
,''01:33:55, 信息, org.jfree.chart.title.Title notifyListeners, 86 
,''01:33:55, 信息, org.jfree.chart.JFreeChart titleChanged, 87 
,''01:33:55, 信息, org.jfree.chart.event.ChartChangeEvent setChart, 88 
,''01:33:55, 信息, org.jfree.chart.JFreeChart notifyListeners, 88 
,''01:33:55, 信息, org.jfree.chart.legend.LegendTitle getWrapper, 85 
,''01:33:55, 信息, org.jfree.chart.JFreeChart setBackgroundPaint, 84 
,''01:33:55, 信息, org.jfree.chart.JFreeChart fireChartChanged, 85 
,''01:33:55, 信息, org.jfree.chart.event.ChartChangeEvent <init>, 86 
,''01:33:55, 信息, org.jfree.chart.event.ChartChangeEvent <init>, 87 
,''01:33:55, 信息, org.jfree.chart.internal.Args nullNotPermitted, 88 
,''01:33:55, 信息, org.jfree.chart.JFreeChart notifyListeners, 86 
,''01:33:55, 信息, org.jfree.chart.JFreeChart getPlot, 84 
,''01:33:55, 信息, org.jfree.chart.StandardChartTheme applyToPlot, 84 
,''01:33:55, 信息, org.jfree.chart.internal.Args nullNotPermitted, 85 
,''01:33:55, 信息, org.jfree.chart.plot.Plot getDrawingSupplier, 85 
,''01:33:55, 信息, org.jfree.chart.plot.Plot getParent, 86 
,''01:33:55, 信息, org.jfree.chart.StandardChartTheme getDrawingSupplier, 85 
,''01:33:55, 信息, org.jfree.chart.plot.DefaultDrawingSupplier clone, 86 
,''01:33:55, 信息, org.jfree.chart.plot.Plot setDrawingSupplier, 85 
,''01:33:55, 信息, org.jfree.chart.plot.Plot fireChangeEvent, 86 
,''01:33:55, 信息, org.jfree.chart.event.PlotChangeEvent <init>, 87 
,''01:33:55, 信息, org.jfree.chart.event.ChartChangeEvent <init>, 88 
,''01:33:55, 信息, org.jfree.chart.event.ChartChangeEvent <init>, 89 
,''01:33:55, 信息, org.jfree.chart.internal.Args nullNotPermitted, 90 
,''01:33:55, 信息, org.jfree.chart.plot.Plot notifyListeners, 87 
,''01:33:55, 信息, org.jfree.chart.JFreeChart plotChanged, 88 
,''01:33:55, 信息, org.jfree.chart.event.ChartChangeEvent setChart, 89 
,''01:33:55, 信息, org.jfree.chart.JFreeChart notifyListeners, 89 
,''01:33:55, 信息, org.jfree.chart.plot.Plot getBackgroundPaint, 85 
,''01:33:55, 信息, org.jfree.chart.plot.Plot setBackgroundPaint, 85 
,''01:33:55, 信息, org.jfree.chart.plot.Plot fireChangeEvent, 86 
,''01:33:55, 信息, org.jfree.chart.event.PlotChangeEvent <init>, 87 
,''01:33:55, 信息, org.jfree.chart.event.ChartChangeEvent <init>, 88 
,''01:33:55, 信息, org.jfree.chart.event.ChartChangeEvent <init>, 89 
,''01:33:55, 信息, org.jfree.chart.internal.Args nullNotPermitted, 90 
,''01:33:55, 信息, org.jfree.chart.plot.Plot notifyListeners, 87 
,''01:33:55, 信息, org.jfree.chart.JFreeChart plotChanged, 88 
,''01:33:55, 信息, org.jfree.chart.event.ChartChangeEvent setChart, 89 
,''01:33:55, 信息, org.jfree.chart.JFreeChart notifyListeners, 89 
,''01:33:55, 信息, org.jfree.chart.plot.Plot setOutlinePaint, 85 
,''01:33:55, 信息, org.jfree.chart.plot.Plot fireChangeEvent, 86 
,''01:33:55, 信息, org.jfree.chart.event.PlotChangeEvent <init>, 87 
,''01:33:55, 信息, org.jfree.chart.event.ChartChangeEvent <init>, 88 
,''01:33:55, 信息, org.jfree.chart.event.ChartChangeEvent <init>, 89 
,''01:33:55, 信息, org.jfree.chart.internal.Args nullNotPermitted, 90 
,''01:33:55, 信息, org.jfree.chart.plot.Plot notifyListeners, 87 
,''01:33:55, 信息, org.jfree.chart.JFreeChart plotChanged, 88 
,''01:33:55, 信息, org.jfree.chart.event.ChartChangeEvent setChart, 89 
,''01:33:55, 信息, org.jfree.chart.JFreeChart notifyListeners, 89 
,''01:33:55, 信息, org.jfree.chart.StandardChartTheme applyToPiePlot, 85 
,''01:33:55, 信息, org.jfree.chart.plot.pie.PiePlot setLabelLinkPaint, 86 
,''01:33:55, 信息, org.jfree.chart.internal.Args nullNotPermitted, 87 
,''01:33:55, 信息, org.jfree.chart.plot.Plot fireChangeEvent, 87 
,''01:33:55, 信息, org.jfree.chart.event.PlotChangeEvent <init>, 88 
,''01:33:55, 信息, org.jfree.chart.event.ChartChangeEvent <init>, 89 
,''01:33:55, 信息, org.jfree.chart.event.ChartChangeEvent <init>, 90 
,''01:33:55, 信息, org.jfree.chart.internal.Args nullNotPermitted, 91 
,''01:33:55, 信息, org.jfree.chart.plot.Plot notifyListeners, 88 
,''01:33:55, 信息, org.jfree.chart.JFreeChart plotChanged, 89 
,''01:33:55, 信息, org.jfree.chart.event.ChartChangeEvent setChart, 90 
,''01:33:55, 信息, org.jfree.chart.JFreeChart notifyListeners, 90 
,''01:33:55, 信息, org.jfree.chart.plot.pie.PiePlot setLabelLinkStyle, 86 
,''01:33:55, 信息, org.jfree.chart.internal.Args nullNotPermitted, 87 
,''01:33:55, 信息, org.jfree.chart.plot.Plot fireChangeEvent, 87 
,''01:33:55, 信息, org.jfree.chart.event.PlotChangeEvent <init>, 88 
,''01:33:55, 信息, org.jfree.chart.event.ChartChangeEvent <init>, 89 
,''01:33:55, 信息, org.jfree.chart.event.ChartChangeEvent <init>, 90 
,''01:33:55, 信息, org.jfree.chart.internal.Args nullNotPermitted, 91 
,''01:33:55, 信息, org.jfree.chart.plot.Plot notifyListeners, 88 
,''01:33:55, 信息, org.jfree.chart.JFreeChart plotChanged, 89 
,''01:33:55, 信息, org.jfree.chart.event.ChartChangeEvent setChart, 90 
,''01:33:55, 信息, org.jfree.chart.JFreeChart notifyListeners, 90 
,''01:33:55, 信息, org.jfree.chart.plot.pie.PiePlot setLabelFont, 86 
,''01:33:55, 信息, org.jfree.chart.internal.Args nullNotPermitted, 87 
,''01:33:55, 信息, org.jfree.chart.plot.Plot fireChangeEvent, 87 
,''01:33:55, 信息, org.jfree.chart.event.PlotChangeEvent <init>, 88 
,''01:33:55, 信息, org.jfree.chart.event.ChartChangeEvent <init>, 89 
,''01:33:55, 信息, org.jfree.chart.event.ChartChangeEvent <init>, 90 
,''01:33:55, 信息, org.jfree.chart.internal.Args nullNotPermitted, 91 
,''01:33:55, 信息, org.jfree.chart.plot.Plot notifyListeners, 88 
,''01:33:55, 信息, org.jfree.chart.JFreeChart plotChanged, 89 
,''01:33:55, 信息, org.jfree.chart.event.ChartChangeEvent setChart, 90 
,''01:33:55, 信息, org.jfree.chart.JFreeChart notifyListeners, 90 
,''01:33:55, 信息, org.jfree.chart.plot.pie.PiePlot setShadowGenerator, 86 
,''01:33:55, 信息, org.jfree.chart.plot.Plot fireChangeEvent, 87 
,''01:33:55, 信息, org.jfree.chart.event.PlotChangeEvent <init>, 88 
,''01:33:55, 信息, org.jfree.chart.event.ChartChangeEvent <init>, 89 
,''01:33:55, 信息, org.jfree.chart.event.ChartChangeEvent <init>, 90 
,''01:33:55, 信息, org.jfree.chart.internal.Args nullNotPermitted, 91 
,''01:33:55, 信息, org.jfree.chart.plot.Plot notifyListeners, 88 
,''01:33:55, 信息, org.jfree.chart.JFreeChart plotChanged, 89 
,''01:33:55, 信息, org.jfree.chart.event.ChartChangeEvent setChart, 90 
,''01:33:55, 信息, org.jfree.chart.JFreeChart notifyListeners, 90 
,''01:33:55, 信息, org.jfree.chart.plot.pie.PiePlot getAutoPopulateSectionPaint, 86 
,''01:33:55, 信息, org.jfree.chart.plot.pie.PiePlot clearSectionPaints, 86 
,''01:33:55, 信息, org.jfree.chart.plot.pie.PiePlot getAutoPopulateSectionOutlinePaint, 86 
,''01:33:55, 信息, org.jfree.chart.plot.pie.PiePlot getAutoPopulateSectionOutlineStroke, 86 
,''01:33:55, 信息, org.jfree.chart.PieChartTest testReplaceDatasetOnPieChart, 75 
,''01:33:55, 信息, org.jfree.chart.JFreeChart addChangeListener, 76 
,''01:33:55, 信息, org.jfree.chart.internal.Args nullNotPermitted, 77 
,''01:33:55, 信息, org.jfree.chart.JFreeChart getPlot, 76 
,''01:33:55, 信息, org.jfree.chart.plot.pie.PiePlot setDataset, 76 
,''01:33:55, 信息, org.jfree.data.general.AbstractDataset removeChangeListener, 77 
,''01:33:55, 信息, org.jfree.chart.plot.pie.PiePlot equals, 79 
,''01:33:55, 信息, org.jfree.data.general.DatasetChangeEvent <init>, 77 
,''01:33:55, 信息, org.jfree.chart.plot.Plot datasetChanged, 77 
,''01:33:55, 信息, org.jfree.chart.event.PlotChangeEvent <init>, 78 
,''01:33:55, 信息, org.jfree.chart.event.ChartChangeEvent <init>, 79 
,''01:33:55, 信息, org.jfree.chart.event.ChartChangeEvent <init>, 80 
,''01:33:55, 信息, org.jfree.chart.internal.Args nullNotPermitted, 81 
,''01:33:55, 信息, org.jfree.chart.event.ChartChangeEvent setType, 78 
,''01:33:55, 信息, org.jfree.chart.internal.Args nullNotPermitted, 79 
,''01:33:55, 信息, org.jfree.chart.plot.Plot notifyListeners, 78 
,''01:33:55, 信息, org.jfree.chart.JFreeChart plotChanged, 79 
,''01:33:55, 信息, org.jfree.chart.event.ChartChangeEvent setChart, 80 
,''01:33:55, 信息, org.jfree.chart.JFreeChart notifyListeners, 80 
,''01:33:55, 信息, org.jfree.chart.plot.pie.PiePlot getDataset, 76 
,'